
****************
Macro Parameters
****************

Name                            : CAL_AVERAGE_OTHER_FIFO_CAL_AVERAGE_OTHER_FIFO_0_USRAM_top
Family                          : PolarFire
Output Format                   : VERILOG
Type                            : URAM
Block Enable Polarity           : Active High
Reset Polarity                  : None
Read Clock Edge                 : Rising
R_ADDR Sync-reset Polarity      : Active Low
R_DATA Sync-reset Polarity      : Active Low
R_ADDR Async-reset Polarity     : None
R_DATA Async-reset Polarity     : None
R_ADDR Enable Polarity          : Active High
R_DATA Enable Polarity          : Active High
Write Clock Edge                : Rising
Write Enable Polarity           : Active High
Write Depth                     : 512
Write Width                     : 28
Read Depth                      : 512
Read Width                      : 28
R_ADDR Pipeline                 : Register
R_DATA Pipeline                 : Register
Portname R_DATA                 : R_DATA
Portname R_CLK                  : R_CLK
Portname R_ADDR_SRST            : R_ADDR_SRST_N
Portname R_DATA_SRST            : R_DATA_SRST_N
Portname R_ADDR_ARST            : R_ADDR_ARST_N
Portname R_DATA_ARST            : R_DATA_ARST_N
Portname R_ADDR_EN              : R_ADDR_EN
Portname R_DATA_EN              : R_DATA_EN
Portname BLK_EN                 : BLK_EN
Portname R_ADDR                 : R_ADDR
Portname Write Clock            : W_CLK
Portname Write Address          : W_ADDR
Portname Write Data             : 
Portname Write Enable           : W_EN
Portname Single Clock           : CLK
Portname Single Async-reset     : 
LPM_HINT                        : 
Device                          : 300
RAM Type                        : Micro SRAM
Optimized for                   : Speed
Clocks                          : Single Read/Write Clock
Initialize RAM                  : False
Lock access                     : Off
ACCESS_BUSY                     : Disabled

Cascade Configuration: 
     Read  Port configuration       : 64x12
     Write Port configuration       : 64x12
     Number of blocks depth wise: 8
     Number of blocks width wise: 3

Wrote Verilog netlist to /home/eraguzin/nextcloud/LuSEE/Libero/calibrator/LuSEE_Calibrator/component/work/CAL_AVERAGE_OTHER_FIFO/CAL_AVERAGE_OTHER_FIFO_0/rtl/vlog/core/CAL_AVERAGE_OTHER_FIFO_CAL_AVERAGE_OTHER_FIFO_0_USRAM_top.v.
